<?xml version="1.0" encoding="UTF-8"?>
<!-- Generated by org.testng.reporters.JUnitReportReporter -->
<testsuite hostname="Monirs-MacBook-Pro.local" failures="0" tests="2" name="cse434.selenium3.test.chromedriver.Test_NG" time="21.613" errors="0" timestamp="26 Aug 2019 04:03:59 GMT" skipped="0">
  <testcase classname="cse434.selenium3.test.chromedriver.Test_NG" name="signUp" time="17.108"/>
  <testcase classname="cse434.selenium3.test.chromedriver.Test_NG" name="logIn" time="4.505"/>
</testsuite> <!-- cse434.selenium3.test.chromedriver.Test_NG -->
