<?xml version="1.0" encoding="UTF-8"?>
<!-- Generated by org.testng.reporters.JUnitReportReporter -->
<testsuite hostname="Monirs-MacBook-Pro.local" failures="0" tests="12" name="cse434.selenium3.test.chromedriver.Test_NG" time="150.363" errors="0" timestamp="28 Aug 2019 04:52:36 GMT" skipped="0">
  <testcase classname="cse434.selenium3.test.chromedriver.Test_NG" name="blankField" time="4.356"/>
  <testcase classname="cse434.selenium3.test.chromedriver.Test_NG" name="invalidField" time="11.519"/>
  <testcase classname="cse434.selenium3.test.chromedriver.Test_NG" name="passwordCheck" time="0.003"/>
  <testcase classname="cse434.selenium3.test.chromedriver.Test_NG" name="signUp" time="10.334"/>
  <testcase classname="cse434.selenium3.test.chromedriver.Test_NG" name="signupLogout" time="2.278"/>
  <testcase classname="cse434.selenium3.test.chromedriver.Test_NG" name="failedlogin" time="6.244"/>
  <testcase classname="cse434.selenium3.test.chromedriver.Test_NG" name="logIn" time="7.402"/>
  <testcase classname="cse434.selenium3.test.chromedriver.Test_NG" name="signinLogout" time="2.144"/>
  <testcase classname="cse434.selenium3.test.chromedriver.Test_NG" name="bookingForTour" time="66.495"/>
  <testcase classname="cse434.selenium3.test.chromedriver.Test_NG" name="adminLogin" time="17.504"/>
  <testcase classname="cse434.selenium3.test.chromedriver.Test_NG" name="traveoffer" time="12.157"/>
  <testcase classname="cse434.selenium3.test.chromedriver.Test_NG" name="travelBlog" time="9.927"/>
</testsuite> <!-- cse434.selenium3.test.chromedriver.Test_NG -->
