<?xml version="1.0" encoding="UTF-8"?>
<!-- Generated by org.testng.reporters.JUnitReportReporter -->
<testsuite hostname="Monirs-MacBook-Pro.local" failures="0" tests="2" name="cse434.selenium3.test.chromedriver.Test_NG" time="25.179" errors="0" timestamp="27 Aug 2019 06:23:14 GMT" skipped="0">
  <testcase classname="cse434.selenium3.test.chromedriver.Test_NG" name="traveoffer" time="10.709"/>
  <testcase classname="cse434.selenium3.test.chromedriver.Test_NG" name="travelBlog" time="14.470"/>
</testsuite> <!-- cse434.selenium3.test.chromedriver.Test_NG -->
