<?xml version="1.0" encoding="UTF-8"?>
<!-- Generated by org.testng.reporters.JUnitReportReporter -->
<testsuite hostname="Monirs-MacBook-Pro.local" failures="0" tests="3" name="cse434.selenium3.test.chromedriver.Test_NG" time="23.923" errors="0" timestamp="27 Aug 2019 13:38:18 GMT" skipped="0">
  <testcase classname="cse434.selenium3.test.chromedriver.Test_NG" name="blankField" time="3.263"/>
  <testcase classname="cse434.selenium3.test.chromedriver.Test_NG" name="invalidField" time="10.489"/>
  <testcase classname="cse434.selenium3.test.chromedriver.Test_NG" name="travelBlog" time="10.171"/>
</testsuite> <!-- cse434.selenium3.test.chromedriver.Test_NG -->
