<?xml version="1.0" encoding="UTF-8"?>
<!-- Generated by org.testng.reporters.JUnitReportReporter -->
<testsuite hostname="Monirs-MacBook-Pro.local" failures="0" tests="3" name="cse434.selenium3.test.chromedriver.Test_NG" time="93.456" errors="0" timestamp="26 Aug 2019 14:12:38 GMT" skipped="0">
  <testcase classname="cse434.selenium3.test.chromedriver.Test_NG" name="signUp" time="17.518"/>
  <testcase classname="cse434.selenium3.test.chromedriver.Test_NG" name="logIn" time="7.341"/>
  <testcase classname="cse434.selenium3.test.chromedriver.Test_NG" name="bookingForTour" time="68.597"/>
</testsuite> <!-- cse434.selenium3.test.chromedriver.Test_NG -->
