<?xml version="1.0" encoding="UTF-8"?>
<!-- Generated by org.testng.reporters.JUnitReportReporter -->
<testsuite hostname="Monirs-MacBook-Pro.local" failures="0" tests="1" name="cse434.selenium3.test.chromedriver.Test_NG" time="34.830" errors="0" timestamp="25 Aug 2019 15:49:45 GMT" skipped="0">
  <testcase classname="cse434.selenium3.test.chromedriver.Test_NG" name="testWebdriver" time="34.830"/>
</testsuite> <!-- cse434.selenium3.test.chromedriver.Test_NG -->
