<?xml version="1.0" encoding="UTF-8"?>
<!-- Generated by org.testng.reporters.JUnitReportReporter -->
<testsuite hostname="Monirs-MacBook-Pro.local" failures="0" tests="11" name="cse434.selenium3.test.chromedriver.Test_NG" time="127.268" errors="0" timestamp="28 Aug 2019 03:46:46 GMT" skipped="0">
  <testcase classname="cse434.selenium3.test.chromedriver.Test_NG" name="blankField" time="4.160"/>
  <testcase classname="cse434.selenium3.test.chromedriver.Test_NG" name="invalidField" time="11.511"/>
  <testcase classname="cse434.selenium3.test.chromedriver.Test_NG" name="passwordCheck" time="0.001"/>
  <testcase classname="cse434.selenium3.test.chromedriver.Test_NG" name="signUp" time="10.427"/>
  <testcase classname="cse434.selenium3.test.chromedriver.Test_NG" name="signupLogout" time="2.186"/>
  <testcase classname="cse434.selenium3.test.chromedriver.Test_NG" name="failedlogin" time="6.814"/>
  <testcase classname="cse434.selenium3.test.chromedriver.Test_NG" name="logIn" time="7.321"/>
  <testcase classname="cse434.selenium3.test.chromedriver.Test_NG" name="signinLogout" time="2.756"/>
  <testcase classname="cse434.selenium3.test.chromedriver.Test_NG" name="bookingForTour" time="63.400"/>
  <testcase classname="cse434.selenium3.test.chromedriver.Test_NG" name="traveoffer" time="8.956"/>
  <testcase classname="cse434.selenium3.test.chromedriver.Test_NG" name="travelBlog" time="9.736"/>
</testsuite> <!-- cse434.selenium3.test.chromedriver.Test_NG -->
