<?xml version="1.0" encoding="UTF-8"?>
<!-- Generated by org.testng.reporters.JUnitReportReporter -->
<testsuite hostname="Monirs-MacBook-Pro.local" failures="0" tests="1" name="cse434.selenium3.test.chromedriver.Test_NG" time="0.008" errors="0" timestamp="25 Aug 2019 16:14:47 GMT" skipped="0">
  <testcase classname="cse434.selenium3.test.chromedriver.Test_NG" name="testWebdriver" time="0.008"/>
</testsuite> <!-- cse434.selenium3.test.chromedriver.Test_NG -->
