<?xml version="1.0" encoding="UTF-8"?>
<!-- Generated by org.testng.reporters.JUnitReportReporter -->
<testsuite hostname="Monirs-MacBook-Pro.local" failures="0" tests="2" name="cse434.selenium3.test.chromedriver.test" time="0.008" errors="0" timestamp="24 Aug 2019 09:50:32 GMT" skipped="0">
  <testcase classname="cse434.selenium3.test.chromedriver.test" name="qq1" time="0.002"/>
  <testcase classname="cse434.selenium3.test.chromedriver.test" name="qq" time="0.006"/>
</testsuite> <!-- cse434.selenium3.test.chromedriver.test -->
