<?xml version="1.0" encoding="UTF-8"?>
<!-- Generated by org.testng.reporters.JUnitReportReporter -->
<testsuite hostname="Monirs-MacBook-Pro.local" failures="0" tests="13" name="cse434.selenium3.test.chromedriver.Test_NG" time="31.871" errors="1" timestamp="28 Aug 2019 06:45:03 GMT" skipped="12">
  <testcase classname="cse434.selenium3.test.chromedriver.Test_NG" name="loadDriver" time="31.870">
    <error message="timeout
  (Session info: chrome=76.0.3809.100)
Build info: version: &#039;3.141.59&#039;, revision: &#039;e82be7d358&#039;, time: &#039;2018-11-14T08:25:48&#039;
System info: host: &#039;Monirs-MacBook-Pro.local&#039;, ip: &#039;fe80:0:0:0:8a6:1eb0:d2f5:2446%en0&#039;, os.name: &#039;Mac OS X&#039;, os.arch: &#039;x86_64&#039;, os.version: &#039;10.14.5&#039;, java.version: &#039;9.0.1&#039;
Driver info: org.openqa.selenium.chrome.ChromeDriver
Capabilities {acceptInsecureCerts: false, browserName: chrome, browserVersion: 76.0.3809.100, chrome: {chromedriverVersion: 75.0.3770.140 (2d9f97485c7b..., userDataDir: /var/folders/4m/k83f74rn32s...}, goog:chromeOptions: {debuggerAddress: localhost:58996}, javascriptEnabled: true, networkConnectionEnabled: false, pageLoadStrategy: normal, platform: MAC, platformName: MAC, proxy: Proxy(), setWindowRect: true, strictFileInteractability: false, timeouts: {implicit: 0, pageLoad: 300000, script: 30000}, unhandledPromptBehavior: dismiss and notify}
Session ID: bf76e5bd90cbdd856b2b00b18cebd372" type="org.openqa.selenium.TimeoutException">
      <![CDATA[org.openqa.selenium.TimeoutException: timeout  (Session info: chrome=76.0.3809.100)Build info: version: '3.141.59', revision: 'e82be7d358', time: '2018-11-14T08:25:48'System info: host: 'Monirs-MacBook-Pro.local', ip: 'fe80:0:0:0:8a6:1eb0:d2f5:2446%en0', os.name: 'Mac OS X', os.arch: 'x86_64', os.version: '10.14.5', java.version: '9.0.1'Driver info: org.openqa.selenium.chrome.ChromeDriverCapabilities {acceptInsecureCerts: false, browserName: chrome, browserVersion: 76.0.3809.100, chrome: {chromedriverVersion: 75.0.3770.140 (2d9f97485c7b..., userDataDir: /var/folders/4m/k83f74rn32s...}, goog:chromeOptions: {debuggerAddress: localhost:58996}, javascriptEnabled: true, networkConnectionEnabled: false, pageLoadStrategy: normal, platform: MAC, platformName: MAC, proxy: Proxy(), setWindowRect: true, strictFileInteractability: false, timeouts: {implicit: 0, pageLoad: 300000, script: 30000}, unhandledPromptBehavior: dismiss and notify}Session ID: bf76e5bd90cbdd856b2b00b18cebd372at java.base/jdk.internal.reflect.NativeConstructorAccessorImpl.newInstance0(Native Method)at java.base/jdk.internal.reflect.NativeConstructorAccessorImpl.newInstance(NativeConstructorAccessorImpl.java:62)at java.base/jdk.internal.reflect.DelegatingConstructorAccessorImpl.newInstance(DelegatingConstructorAccessorImpl.java:45)at java.base/java.lang.reflect.Constructor.newInstance(Constructor.java:488)at org.openqa.selenium.remote.http.W3CHttpResponseCodec.createException(W3CHttpResponseCodec.java:187)at org.openqa.selenium.remote.http.W3CHttpResponseCodec.decode(W3CHttpResponseCodec.java:122)at org.openqa.selenium.remote.http.W3CHttpResponseCodec.decode(W3CHttpResponseCodec.java:49)at org.openqa.selenium.remote.HttpCommandExecutor.execute(HttpCommandExecutor.java:158)at org.openqa.selenium.remote.service.DriverCommandExecutor.execute(DriverCommandExecutor.java:83)at org.openqa.selenium.remote.RemoteWebDriver.execute(RemoteWebDriver.java:552)at org.openqa.selenium.remote.RemoteWebDriver.get(RemoteWebDriver.java:277)at cse434.selenium3.test.chromedriver.Test_NG.loadDriver(Test_NG.java:35)at java.base/jdk.internal.reflect.NativeMethodAccessorImpl.invoke0(Native Method)at java.base/jdk.internal.reflect.NativeMethodAccessorImpl.invoke(NativeMethodAccessorImpl.java:62)at java.base/jdk.internal.reflect.DelegatingMethodAccessorImpl.invoke(DelegatingMethodAccessorImpl.java:43)at java.base/java.lang.reflect.Method.invoke(Method.java:564)at org.testng.internal.MethodInvocationHelper.invokeMethod(MethodInvocationHelper.java:124)at org.testng.internal.MethodInvocationHelper.invokeMethodConsideringTimeout(MethodInvocationHelper.java:59)at org.testng.internal.Invoker.invokeConfigurationMethod(Invoker.java:451)at org.testng.internal.Invoker.invokeConfigurations(Invoker.java:222)at org.testng.internal.Invoker.invokeConfigurations(Invoker.java:142)at org.testng.TestRunner.beforeRun(TestRunner.java:529)at org.testng.TestRunner.run(TestRunner.java:497)at org.testng.SuiteRunner.runTest(SuiteRunner.java:455)at org.testng.SuiteRunner.runSequentially(SuiteRunner.java:450)at org.testng.SuiteRunner.privateRun(SuiteRunner.java:415)at org.testng.SuiteRunner.run(SuiteRunner.java:364)at org.testng.SuiteRunnerWorker.runSuite(SuiteRunnerWorker.java:52)at org.testng.SuiteRunnerWorker.run(SuiteRunnerWorker.java:84)at org.testng.TestNG.runSuitesSequentially(TestNG.java:1187)at org.testng.TestNG.runSuitesLocally(TestNG.java:1116)at org.testng.TestNG.runSuites(TestNG.java:1028)at org.testng.TestNG.run(TestNG.java:996)at org.testng.remote.AbstractRemoteTestNG.run(AbstractRemoteTestNG.java:114)at org.testng.remote.RemoteTestNG.initAndRun(RemoteTestNG.java:251)at org.testng.remote.RemoteTestNG.main(RemoteTestNG.java:77)]]>
    </error>
  </testcase> <!-- loadDriver -->
  <testcase classname="cse434.selenium3.test.chromedriver.Test_NG" name="blankField" time="0.000">
    <skipped/>
  </testcase> <!-- blankField -->
  <testcase classname="cse434.selenium3.test.chromedriver.Test_NG" name="invalidField" time="0.000">
    <skipped/>
  </testcase> <!-- invalidField -->
  <testcase classname="cse434.selenium3.test.chromedriver.Test_NG" name="passwordCheck" time="0.000">
    <skipped/>
  </testcase> <!-- passwordCheck -->
  <testcase classname="cse434.selenium3.test.chromedriver.Test_NG" name="signUp" time="0.000">
    <skipped/>
  </testcase> <!-- signUp -->
  <testcase classname="cse434.selenium3.test.chromedriver.Test_NG" name="signupLogout" time="0.000">
    <skipped/>
  </testcase> <!-- signupLogout -->
  <testcase classname="cse434.selenium3.test.chromedriver.Test_NG" name="failedlogin" time="0.000">
    <skipped/>
  </testcase> <!-- failedlogin -->
  <testcase classname="cse434.selenium3.test.chromedriver.Test_NG" name="logIn" time="0.000">
    <skipped/>
  </testcase> <!-- logIn -->
  <testcase classname="cse434.selenium3.test.chromedriver.Test_NG" name="signinLogout" time="0.001">
    <skipped/>
  </testcase> <!-- signinLogout -->
  <testcase classname="cse434.selenium3.test.chromedriver.Test_NG" name="bookingForTour" time="0.000">
    <skipped/>
  </testcase> <!-- bookingForTour -->
  <testcase classname="cse434.selenium3.test.chromedriver.Test_NG" name="adminLogin" time="0.000">
    <skipped/>
  </testcase> <!-- adminLogin -->
  <testcase classname="cse434.selenium3.test.chromedriver.Test_NG" name="traveoffer" time="0.000">
    <skipped/>
  </testcase> <!-- traveoffer -->
  <testcase classname="cse434.selenium3.test.chromedriver.Test_NG" name="travelBlog" time="0.000">
    <skipped/>
  </testcase> <!-- travelBlog -->
</testsuite> <!-- cse434.selenium3.test.chromedriver.Test_NG -->
